0 info it worked if it ends with ok
1 verbose cli [ 'C:\\Program Files (x86)\\nodejs\\node.exe',
1 verbose cli   'C:\\Program Files (x86)\\nodejs\\node_modules\\npm\\bin\\npm-cli.js',
1 verbose cli   'build',
1 verbose cli   'android' ]
2 info using npm@3.10.10
3 info using node@v6.9.4
4 info build d:\mhmks\mkapp\mkcordova\android
5 verbose stack Error: ENOENT: no such file or directory, open 'd:\mhmks\mkapp\mkcordova\android\package.json'
5 verbose stack     at Error (native)
6 verbose cwd d:\mhmks\mkapp\mkcordova
7 error Windows_NT 10.0.10586
8 error argv "C:\\Program Files (x86)\\nodejs\\node.exe" "C:\\Program Files (x86)\\nodejs\\node_modules\\npm\\bin\\npm-cli.js" "build" "android"
9 error node v6.9.4
10 error npm  v3.10.10
11 error path d:\mhmks\mkapp\mkcordova\android\package.json
12 error code ENOENT
13 error errno -4058
14 error syscall open
15 error enoent ENOENT: no such file or directory, open 'd:\mhmks\mkapp\mkcordova\android\package.json'
16 error enoent ENOENT: no such file or directory, open 'd:\mhmks\mkapp\mkcordova\android\package.json'
16 error enoent This is most likely not a problem with npm itself
16 error enoent and is related to npm not being able to find a file.
17 verbose exit [ -4058, true ]
